20-02-2020 13:12:40.105 INFO  com.at.TrelloApplication.logStarting Starting TrelloApplication on django with PID 3957 (/home/marcelo/Documentos/Diplo/workbench/Trello/target/classes started by marcelo in /home/marcelo/Documentos/Diplo/workbench/Trello)
20-02-2020 13:12:40.111 INFO  com.at.TrelloApplication.logStartupProfileInfo No active profile set, falling back to default profiles: default
20-02-2020 13:12:40.249 INFO  o.s.b.d.e.DevToolsPropertyDefaultsPostProcessor.logTo Devtools property defaults active! Set 'spring.devtools.add-properties' to 'false' to disable
20-02-2020 13:12:40.249 INFO  o.s.b.d.e.DevToolsPropertyDefaultsPostProcessor.logTo For additional web related logging consider setting the 'logging.level.web' property to 'DEBUG'
20-02-2020 13:12:41.695 INFO  o.s.d.r.c.RepositoryConfigurationDelegate.registerRepositoriesIn Bootstrapping Spring Data repositories in DEFAULT mode.
20-02-2020 13:12:41.782 INFO  o.s.d.r.c.RepositoryConfigurationDelegate.registerRepositoriesIn Finished Spring Data repository scanning in 76ms. Found 7 repository interfaces.
20-02-2020 13:12:42.183 INFO  o.s.c.s.PostProcessorRegistrationDelegate$BeanPostProcessorChecker.postProcessAfterInitialization Bean 'org.springframework.transaction.annotation.ProxyTransactionManagementConfiguration' of type [org.springframework.transaction.annotation.ProxyTransactionManagementConfiguration$$EnhancerBySpringCGLIB$$40a8818a] is not eligible for getting processed by all BeanPostProcessors (for example: not eligible for auto-proxying)
20-02-2020 13:12:42.222 INFO  o.s.c.s.PostProcessorRegistrationDelegate$BeanPostProcessorChecker.postProcessAfterInitialization Bean 'org.springframework.security.config.annotation.configuration.ObjectPostProcessorConfiguration' of type [org.springframework.security.config.annotation.configuration.ObjectPostProcessorConfiguration$$EnhancerBySpringCGLIB$$d95649c4] is not eligible for getting processed by all BeanPostProcessors (for example: not eligible for auto-proxying)
20-02-2020 13:12:42.228 INFO  o.s.c.s.PostProcessorRegistrationDelegate$BeanPostProcessorChecker.postProcessAfterInitialization Bean 'objectPostProcessor' of type [org.springframework.security.config.annotation.configuration.AutowireBeanFactoryObjectPostProcessor] is not eligible for getting processed by all BeanPostProcessors (for example: not eligible for auto-proxying)
20-02-2020 13:12:42.230 INFO  o.s.c.s.PostProcessorRegistrationDelegate$BeanPostProcessorChecker.postProcessAfterInitialization Bean 'org.springframework.security.access.expression.method.DefaultMethodSecurityExpressionHandler@2e8c95b3' of type [org.springframework.security.access.expression.method.DefaultMethodSecurityExpressionHandler] is not eligible for getting processed by all BeanPostProcessors (for example: not eligible for auto-proxying)
20-02-2020 13:12:42.234 INFO  o.s.c.s.PostProcessorRegistrationDelegate$BeanPostProcessorChecker.postProcessAfterInitialization Bean 'org.springframework.security.config.annotation.method.configuration.GlobalMethodSecurityConfiguration' of type [org.springframework.security.config.annotation.method.configuration.GlobalMethodSecurityConfiguration$$EnhancerBySpringCGLIB$$fe2aec76] is not eligible for getting processed by all BeanPostProcessors (for example: not eligible for auto-proxying)
20-02-2020 13:12:42.238 INFO  o.s.c.s.PostProcessorRegistrationDelegate$BeanPostProcessorChecker.postProcessAfterInitialization Bean 'methodSecurityMetadataSource' of type [org.springframework.security.access.method.DelegatingMethodSecurityMetadataSource] is not eligible for getting processed by all BeanPostProcessors (for example: not eligible for auto-proxying)
20-02-2020 13:12:42.578 INFO  o.s.b.w.e.tomcat.TomcatWebServer.initialize Tomcat initialized with port(s): 8080 (http)
20-02-2020 13:12:42.600 INFO  o.a.catalina.core.StandardService.log Starting service [Tomcat]
20-02-2020 13:12:42.601 INFO  o.a.catalina.core.StandardEngine.log Starting Servlet engine: [Apache Tomcat/9.0.22]
20-02-2020 13:12:42.690 INFO  o.a.c.c.C.[Tomcat].[localhost].[/].log Initializing Spring embedded WebApplicationContext
20-02-2020 13:12:42.690 INFO  o.s.web.context.ContextLoader.prepareWebApplicationContext Root WebApplicationContext: initialization completed in 2441 ms
20-02-2020 13:12:42.954 INFO  com.zaxxer.hikari.HikariDataSource.getConnection HikariPool-1 - Starting...
20-02-2020 13:12:43.346 INFO  com.zaxxer.hikari.HikariDataSource.getConnection HikariPool-1 - Start completed.
20-02-2020 13:12:43.396 INFO  o.h.jpa.internal.util.LogHelper.logPersistenceUnitInformation HHH000204: Processing PersistenceUnitInfo [
	name: default
	...]
20-02-2020 13:12:43.519 INFO  org.hibernate.Version.logVersion HHH000412: Hibernate Core {5.3.10.Final}
20-02-2020 13:12:43.521 INFO  org.hibernate.cfg.Environment.<clinit> HHH000206: hibernate.properties not found
20-02-2020 13:12:43.786 INFO  o.h.annotations.common.Version.<clinit> HCANN000001: Hibernate Commons Annotations {5.0.4.Final}
20-02-2020 13:12:43.943 INFO  org.hibernate.dialect.Dialect.<init> HHH000400: Using dialect: org.hibernate.dialect.MySQL57Dialect
20-02-2020 13:12:45.055 INFO  o.s.o.j.LocalContainerEntityManagerFactoryBean.buildNativeEntityManagerFactory Initialized JPA EntityManagerFactory for persistence unit 'default'
20-02-2020 13:12:45.106 INFO  o.s.b.d.a.OptionalLiveReloadServer.startServer LiveReload server is running on port 35729
20-02-2020 13:12:46.001 WARN  o.s.b.a.o.j.JpaBaseConfiguration$JpaWebConfiguration$JpaWebMvcConfiguration.openEntityManagerInViewInterceptor spring.jpa.open-in-view is enabled by default. Therefore, database queries may be performed during view rendering. Explicitly configure spring.jpa.open-in-view to disable this warning
20-02-2020 13:12:46.311 INFO  o.s.s.web.DefaultSecurityFilterChain.<init> Creating filter chain: any request, [org.springframework.security.web.context.request.async.WebAsyncManagerIntegrationFilter@2331c38b, org.springframework.security.web.context.SecurityContextPersistenceFilter@40af1082, org.springframework.security.web.header.HeaderWriterFilter@3bf07d13, org.springframework.security.web.authentication.logout.LogoutFilter@4b982441, org.springframework.security.web.authentication.UsernamePasswordAuthenticationFilter@3291f365, com.at.CustomTokenAuthenticationFilter@7d4ea4dd, org.springframework.security.web.authentication.www.BasicAuthenticationFilter@67a43b5d, org.springframework.security.web.savedrequest.RequestCacheAwareFilter@31f0075d, org.springframework.security.web.servletapi.SecurityContextHolderAwareRequestFilter@757d3e6b, org.springframework.security.web.authentication.AnonymousAuthenticationFilter@208e84bc, org.springframework.security.web.session.SessionManagementFilter@768c9643, org.springframework.security.web.access.ExceptionTranslationFilter@5a077c91, org.springframework.security.web.access.intercept.FilterSecurityInterceptor@164b53c6]
20-02-2020 13:12:46.339 INFO  s.d.s.w.PropertySourcedRequestMappingHandlerMapping.initHandlerMethods Mapped URL path [/v2/api-docs] onto method [public org.springframework.http.ResponseEntity<springfox.documentation.spring.web.json.Json> springfox.documentation.swagger2.web.Swagger2Controller.getDocumentation(java.lang.String,javax.servlet.http.HttpServletRequest)]
20-02-2020 13:12:46.534 INFO  o.s.s.c.ThreadPoolTaskExecutor.initialize Initializing ExecutorService 'applicationTaskExecutor'
20-02-2020 13:12:46.575 INFO  o.s.b.a.w.s.WelcomePageHandlerMapping.<init> Adding welcome page: class path resource [static/index.html]
20-02-2020 13:12:46.781 INFO  s.d.s.w.p.DocumentationPluginsBootstrapper.start Context refreshed
20-02-2020 13:12:46.801 INFO  s.d.s.w.p.DocumentationPluginsBootstrapper.start Found 1 custom documentation plugin(s)
20-02-2020 13:12:46.844 INFO  s.d.s.w.s.ApiListingReferenceScanner.scan Scanning for api listing references
20-02-2020 13:12:47.205 INFO  s.d.s.w.r.o.CachingOperationNameGenerator.startingWith Generating unique operation named: listUsingGET_1
20-02-2020 13:12:47.279 INFO  o.s.b.w.e.tomcat.TomcatWebServer.start Tomcat started on port(s): 8080 (http) with context path ''
20-02-2020 13:12:47.281 INFO  com.at.TrelloApplication.logStarted Started TrelloApplication in 7.746 seconds (JVM running for 8.588)
20-02-2020 13:12:47.324 INFO  o.h.h.i.QueryTranslatorFactoryInitiator.initiateService HHH000397: Using ASTQueryTranslatorFactory
20-02-2020 13:12:59.789 INFO  o.a.c.c.C.[Tomcat].[localhost].[/].log Initializing Spring DispatcherServlet 'dispatcherServlet'
20-02-2020 13:12:59.790 INFO  o.s.web.servlet.DispatcherServlet.initServletBean Initializing Servlet 'dispatcherServlet'
20-02-2020 13:12:59.800 INFO  o.s.web.servlet.DispatcherServlet.initServletBean Completed initialization in 10 ms
20-02-2020 13:22:22.179 INFO  o.s.b.a.SpringApplicationAdminMXBeanRegistrar$SpringApplicationAdmin.shutdown Application shutdown requested.
20-02-2020 13:22:22.185 INFO  o.s.s.c.ThreadPoolTaskExecutor.shutdown Shutting down ExecutorService 'applicationTaskExecutor'
20-02-2020 13:22:22.190 INFO  o.s.o.j.LocalContainerEntityManagerFactoryBean.destroy Closing JPA EntityManagerFactory for persistence unit 'default'
20-02-2020 13:22:22.195 INFO  com.zaxxer.hikari.HikariDataSource.close HikariPool-1 - Shutdown initiated...
20-02-2020 13:22:22.207 INFO  com.zaxxer.hikari.HikariDataSource.close HikariPool-1 - Shutdown completed.
